<?xml version="1.0" encoding="UTF-8"?>
<testsuite name="Testing" tests="3" skipped="0" failures="0" errors="0" timestamp="2023-06-10T00:50:57" hostname="MacBook-Pro.attlocal.net" time="0.018">
  <properties/>
  <testcase name="echoCorrect" classname="Testing" time="0.01"/>
  <testcase name="typeWrong" classname="Testing" time="0.005"/>
  <testcase name="echoErrors" classname="Testing" time="0.001"/>
  <system-out><![CDATA[{"ok":true}
{"ok":false,"message":"Field data does not exist in request"}
{"ok":true}
{"ok":true}
]]></system-out>
  <system-err><![CDATA[]]></system-err>
</testsuite>
